1586194352402	mozrunner::runner	INFO	Running command: "/usr/bin/firefox" "-marionette" "https://experience.arcgis.com/experience/38efc69787a346959c931568bd9e2cc4" "-foreground" "-no-remote" "-profile" "/tmp/rust_mozprofileBh0UXv"
1586194353209	addons.webextension.doh-rollout@mozilla.org	WARN	Loading extension 'doh-rollout@mozilla.org': Reading manifest: Invalid extension permission: networkStatus
1586194354342	addons.webextension.screenshots@mozilla.org	WARN	Loading extension 'screenshots@mozilla.org': Reading manifest: Invalid extension permission: mozillaAddons
1586194354342	addons.webextension.screenshots@mozilla.org	WARN	Loading extension 'screenshots@mozilla.org': Reading manifest: Invalid extension permission: telemetry
1586194354342	addons.webextension.screenshots@mozilla.org	WARN	Loading extension 'screenshots@mozilla.org': Reading manifest: Invalid extension permission: resource://pdf.js/
1586194354342	addons.webextension.screenshots@mozilla.org	WARN	Loading extension 'screenshots@mozilla.org': Reading manifest: Invalid extension permission: about:reader*
1586194357136	Marionette	INFO	Listening on port 36211
1586194357281	Marionette	WARN	TLS certificate errors will be ignored for this session
JavaScript error: resource://activity-stream/lib/ActivityStreamPrefs.jsm, line 27: NS_ERROR_ILLEGAL_VALUE: Component returned failure code: 0x80070057 (NS_ERROR_ILLEGAL_VALUE) [nsIPrefBranch.removeObserver]
JavaScript error: resource://services-settings/RemoteSettingsClient.jsm, line 123: Error: Unknown callback
1586194361123	Marionette	INFO	Stopped listening on port 36211
1586194365477	mozrunner::runner	INFO	Running command: "/usr/bin/firefox" "-marionette" "https://experience.arcgis.com/experience/38efc69787a346959c931568bd9e2cc4" "-foreground" "-no-remote" "-profile" "/tmp/rust_mozprofileS2dh9I"
1586194365984	addons.webextension.doh-rollout@mozilla.org	WARN	Loading extension 'doh-rollout@mozilla.org': Reading manifest: Invalid extension permission: networkStatus
1586194367137	addons.webextension.screenshots@mozilla.org	WARN	Loading extension 'screenshots@mozilla.org': Reading manifest: Invalid extension permission: mozillaAddons
1586194367138	addons.webextension.screenshots@mozilla.org	WARN	Loading extension 'screenshots@mozilla.org': Reading manifest: Invalid extension permission: telemetry
1586194367138	addons.webextension.screenshots@mozilla.org	WARN	Loading extension 'screenshots@mozilla.org': Reading manifest: Invalid extension permission: resource://pdf.js/
1586194367138	addons.webextension.screenshots@mozilla.org	WARN	Loading extension 'screenshots@mozilla.org': Reading manifest: Invalid extension permission: about:reader*
1586194369307	Marionette	INFO	Listening on port 35223
1586194369403	Marionette	WARN	TLS certificate errors will be ignored for this session

###!!! [Child][MessageChannel] Error: (msgtype=0x6A0029,name=PNecko::Msg_RemoveRequestContext) Channel closing: too late to send/recv, messages will be lost

1586194376351	Marionette	INFO	Stopped listening on port 35223
1586195586320	mozrunner::runner	INFO	Running command: "/usr/bin/firefox" "-marionette" "https://experience.arcgis.com/experience/38efc69787a346959c931568bd9e2cc4" "-foreground" "-no-remote" "-profile" "/tmp/rust_mozprofile6cT6TG"
1586195586858	addons.webextension.doh-rollout@mozilla.org	WARN	Loading extension 'doh-rollout@mozilla.org': Reading manifest: Invalid extension permission: networkStatus
1586195588021	addons.webextension.screenshots@mozilla.org	WARN	Loading extension 'screenshots@mozilla.org': Reading manifest: Invalid extension permission: mozillaAddons
1586195588021	addons.webextension.screenshots@mozilla.org	WARN	Loading extension 'screenshots@mozilla.org': Reading manifest: Invalid extension permission: telemetry
1586195588021	addons.webextension.screenshots@mozilla.org	WARN	Loading extension 'screenshots@mozilla.org': Reading manifest: Invalid extension permission: resource://pdf.js/
1586195588021	addons.webextension.screenshots@mozilla.org	WARN	Loading extension 'screenshots@mozilla.org': Reading manifest: Invalid extension permission: about:reader*
1586195590026	Marionette	INFO	Listening on port 36849
1586195590098	Marionette	WARN	TLS certificate errors will be ignored for this session
JavaScript warning: https://pcrj.maps.arcgis.com/apps/opsdashboard/assets/vendor-557b494b34c1b4f592d5f2948d530f35.js, line 2774: unreachable code after return statement
JavaScript warning: https://pcrj.maps.arcgis.com/apps/opsdashboard/assets/vendor-557b494b34c1b4f592d5f2948d530f35.js, line 2774: unreachable code after return statement
JavaScript error: , line 0: UnknownError: The operation failed for reasons unrelated to the database itself and not covered by any other error code.
1586195987553	Marionette	INFO	Stopped listening on port 36849
1586196069307	mozrunner::runner	INFO	Running command: "/usr/bin/firefox" "-marionette" "https://experience.arcgis.com/experience/38efc69787a346959c931568bd9e2cc4" "-foreground" "-no-remote" "-profile" "/tmp/rust_mozprofilePM7faH"
1586196069872	addons.webextension.doh-rollout@mozilla.org	WARN	Loading extension 'doh-rollout@mozilla.org': Reading manifest: Invalid extension permission: networkStatus
1586196071178	addons.webextension.screenshots@mozilla.org	WARN	Loading extension 'screenshots@mozilla.org': Reading manifest: Invalid extension permission: mozillaAddons
1586196071178	addons.webextension.screenshots@mozilla.org	WARN	Loading extension 'screenshots@mozilla.org': Reading manifest: Invalid extension permission: telemetry
1586196071179	addons.webextension.screenshots@mozilla.org	WARN	Loading extension 'screenshots@mozilla.org': Reading manifest: Invalid extension permission: resource://pdf.js/
1586196071179	addons.webextension.screenshots@mozilla.org	WARN	Loading extension 'screenshots@mozilla.org': Reading manifest: Invalid extension permission: about:reader*
1586196073374	Marionette	INFO	Listening on port 41911
1586196073419	Marionette	WARN	TLS certificate errors will be ignored for this session
1586196086168	Marionette	INFO	Stopped listening on port 41911
1586196106013	mozrunner::runner	INFO	Running command: "/usr/bin/firefox" "-marionette" "https://experience.arcgis.com/experience/38efc69787a346959c931568bd9e2cc4" "-foreground" "-no-remote" "-profile" "/tmp/rust_mozprofile5ZphgE"
1586196106566	addons.webextension.doh-rollout@mozilla.org	WARN	Loading extension 'doh-rollout@mozilla.org': Reading manifest: Invalid extension permission: networkStatus
1586196107753	addons.webextension.screenshots@mozilla.org	WARN	Loading extension 'screenshots@mozilla.org': Reading manifest: Invalid extension permission: mozillaAddons
1586196107753	addons.webextension.screenshots@mozilla.org	WARN	Loading extension 'screenshots@mozilla.org': Reading manifest: Invalid extension permission: telemetry
1586196107754	addons.webextension.screenshots@mozilla.org	WARN	Loading extension 'screenshots@mozilla.org': Reading manifest: Invalid extension permission: resource://pdf.js/
1586196107754	addons.webextension.screenshots@mozilla.org	WARN	Loading extension 'screenshots@mozilla.org': Reading manifest: Invalid extension permission: about:reader*
1586196109823	Marionette	INFO	Listening on port 33121
1586196109837	Marionette	WARN	TLS certificate errors will be ignored for this session
1586196109898	Marionette	INFO	Stopped listening on port 33121
JavaScript error: resource://activity-stream/lib/ActivityStreamPrefs.jsm, line 27: NS_ERROR_ILLEGAL_VALUE: Component returned failure code: 0x80070057 (NS_ERROR_ILLEGAL_VALUE) [nsIPrefBranch.removeObserver]
JavaScript error: resource://services-settings/RemoteSettingsClient.jsm, line 123: Error: Unknown callback
JavaScript error: resource://gre/modules/Sqlite.jsm, line 923: Error: Connection is not open.

###!!! [Parent][DispatchAsyncMessage] Error: PBackgroundIDBFactory::Msg_PBackgroundIDBFactoryRequestConstructor Value error: message was deserialized, but contained an illegal value

1586196205658	mozrunner::runner	INFO	Running command: "/usr/bin/firefox" "-marionette" "https://experience.arcgis.com/experience/38efc69787a346959c931568bd9e2cc4" "-foreground" "-no-remote" "-profile" "/tmp/rust_mozprofilexbRrFy"
1586196206227	addons.webextension.doh-rollout@mozilla.org	WARN	Loading extension 'doh-rollout@mozilla.org': Reading manifest: Invalid extension permission: networkStatus
1586196207619	addons.webextension.screenshots@mozilla.org	WARN	Loading extension 'screenshots@mozilla.org': Reading manifest: Invalid extension permission: mozillaAddons
1586196207619	addons.webextension.screenshots@mozilla.org	WARN	Loading extension 'screenshots@mozilla.org': Reading manifest: Invalid extension permission: telemetry
1586196207619	addons.webextension.screenshots@mozilla.org	WARN	Loading extension 'screenshots@mozilla.org': Reading manifest: Invalid extension permission: resource://pdf.js/
1586196207619	addons.webextension.screenshots@mozilla.org	WARN	Loading extension 'screenshots@mozilla.org': Reading manifest: Invalid extension permission: about:reader*
1586196209866	Marionette	INFO	Listening on port 33591
1586196209880	Marionette	WARN	TLS certificate errors will be ignored for this session
1586196209941	Marionette	INFO	Stopped listening on port 33591
JavaScript error: resource://activity-stream/lib/ActivityStreamPrefs.jsm, line 27: NS_ERROR_ILLEGAL_VALUE: Component returned failure code: 0x80070057 (NS_ERROR_ILLEGAL_VALUE) [nsIPrefBranch.removeObserver]
JavaScript error: resource://services-settings/RemoteSettingsClient.jsm, line 123: Error: Unknown callback
JavaScript error: resource://activity-stream/lib/PlacesFeed.jsm, line 193: NS_ERROR_UNEXPECTED: Component returned failure code: 0x8000ffff (NS_ERROR_UNEXPECTED) [nsINavHistoryService.addObserver]
JavaScript error: resource://gre/modules/ExtensionSettingsStore.jsm, line 123: Error: The ExtensionSettingsStore was accessed before the initialize promise resolved.
JavaScript error: resource://gre/modules/XPCOMUtils.jsm, line 215: NS_ERROR_XPC_GS_RETURNED_FAILURE: ServiceManager::GetService returned failure code:
console.error: PushService: 
  clearOriginData: Error clearing origin data:
  AbortError
console.error: PushService: 
  stateChangeProcessEnqueue: Error transitioning state
  AbortError
JavaScript error: , line 0: AbortError: A request was aborted, for example through a call to IDBTransaction.abort.
JavaScript error: , line 0: AbortError: A request was aborted, for example through a call to IDBTransaction.abort.
JavaScript error: , line 0: AbortError: A request was aborted, for example through a call to IDBTransaction.abort.
